0 info it worked if it ends with ok
1 verbose cli [ 'node', '/usr/local/bin/npm', 'publish' ]
2 info using npm@1.1.65
3 info using node@v0.8.14
4 verbose publish [ '.' ]
5 verbose read json /Users/sam/Desktop/repos/weather/package.json
6 verbose cache add [ '.', null ]
7 silly cache add name=undefined spec="." args=[".",null]
8 verbose parsed url { pathname: '.', path: '.', href: '.' }
9 silly lockFile 3a52ce78- .
10 verbose lock . /Users/sam/.npm/3a52ce78-.lock
11 verbose read json package.json
12 verbose tar pack [ '/var/folders/b_/806_3h_n3c55c248zv0jjnf80000gn/T/npm-2368/1353036390594-0.9139327337034047/tmp.tgz',
12 verbose tar pack   '.' ]
13 verbose tarball /var/folders/b_/806_3h_n3c55c248zv0jjnf80000gn/T/npm-2368/1353036390594-0.9139327337034047/tmp.tgz
14 verbose folder .
15 info prepublish weather@0.0.0
16 silly lockFile 216f08af-90594-0-9139327337034047-tmp-tgz /var/folders/b_/806_3h_n3c55c248zv0jjnf80000gn/T/npm-2368/1353036390594-0.9139327337034047/tmp.tgz
17 verbose lock /var/folders/b_/806_3h_n3c55c248zv0jjnf80000gn/T/npm-2368/1353036390594-0.9139327337034047/tmp.tgz /Users/sam/.npm/216f08af-90594-0-9139327337034047-tmp-tgz.lock
18 silly lockFile 216f08af-90594-0-9139327337034047-tmp-tgz /var/folders/b_/806_3h_n3c55c248zv0jjnf80000gn/T/npm-2368/1353036390594-0.9139327337034047/tmp.tgz
19 verbose tar unpack /var/folders/b_/806_3h_n3c55c248zv0jjnf80000gn/T/npm-2368/1353036390594-0.9139327337034047/tmp.tgz
20 silly lockFile 5ec0e5c5-90594-0-9139327337034047-package /var/folders/b_/806_3h_n3c55c248zv0jjnf80000gn/T/npm-2368/1353036390594-0.9139327337034047/package
21 verbose lock /var/folders/b_/806_3h_n3c55c248zv0jjnf80000gn/T/npm-2368/1353036390594-0.9139327337034047/package /Users/sam/.npm/5ec0e5c5-90594-0-9139327337034047-package.lock
22 silly gunzTarPerm modes [ '755', '644' ]
23 silly gunzTarPerm extractEntry package.json
24 silly gunzTarPerm extractEntry .npmignore
25 silly gunzTarPerm extractEntry README.md
26 silly gunzTarPerm extractEntry index.js
27 verbose read json /var/folders/b_/806_3h_n3c55c248zv0jjnf80000gn/T/npm-2368/1353036390594-0.9139327337034047/package/package.json
28 silly lockFile 5ec0e5c5-90594-0-9139327337034047-package /var/folders/b_/806_3h_n3c55c248zv0jjnf80000gn/T/npm-2368/1353036390594-0.9139327337034047/package
29 verbose from cache /var/folders/b_/806_3h_n3c55c248zv0jjnf80000gn/T/npm-2368/1353036390594-0.9139327337034047/package/package.json
30 verbose tar pack [ '/Users/sam/.npm/weather/0.0.0/package.tgz',
30 verbose tar pack   '/var/folders/b_/806_3h_n3c55c248zv0jjnf80000gn/T/npm-2368/1353036390594-0.9139327337034047/package' ]
31 verbose tarball /Users/sam/.npm/weather/0.0.0/package.tgz
32 verbose folder /var/folders/b_/806_3h_n3c55c248zv0jjnf80000gn/T/npm-2368/1353036390594-0.9139327337034047/package
33 silly lockFile bde03603-am-npm-weather-0-0-0-package-tgz /Users/sam/.npm/weather/0.0.0/package.tgz
34 verbose lock /Users/sam/.npm/weather/0.0.0/package.tgz /Users/sam/.npm/bde03603-am-npm-weather-0-0-0-package-tgz.lock
35 silly lockFile bde03603-am-npm-weather-0-0-0-package-tgz /Users/sam/.npm/weather/0.0.0/package.tgz
36 silly lockFile 7d5d288f-rs-sam-npm-weather-0-0-0-package /Users/sam/.npm/weather/0.0.0/package
37 verbose lock /Users/sam/.npm/weather/0.0.0/package /Users/sam/.npm/7d5d288f-rs-sam-npm-weather-0-0-0-package.lock
38 silly lockFile 7d5d288f-rs-sam-npm-weather-0-0-0-package /Users/sam/.npm/weather/0.0.0/package
39 verbose tar unpack /Users/sam/.npm/weather/0.0.0/package.tgz
40 silly lockFile 7d5d288f-rs-sam-npm-weather-0-0-0-package /Users/sam/.npm/weather/0.0.0/package
41 verbose lock /Users/sam/.npm/weather/0.0.0/package /Users/sam/.npm/7d5d288f-rs-sam-npm-weather-0-0-0-package.lock
42 silly gunzTarPerm modes [ '755', '644' ]
43 silly gunzTarPerm extractEntry package.json
44 silly gunzTarPerm extractEntry .npmignore
45 silly gunzTarPerm extractEntry README.md
46 silly gunzTarPerm extractEntry index.js
47 verbose read json /Users/sam/.npm/weather/0.0.0/package/package.json
48 silly lockFile 7d5d288f-rs-sam-npm-weather-0-0-0-package /Users/sam/.npm/weather/0.0.0/package
49 silly shasum updated bytes 588
50 info shasum 58e4fefe3770ad27ac78a2e58c40c4d67729dd08
50 info shasum /Users/sam/.npm/weather/0.0.0/package.tgz
51 verbose from cache /Users/sam/.npm/weather/0.0.0/package/package.json
52 verbose chmod /Users/sam/.npm/weather/0.0.0/package.tgz 644
53 verbose chown /Users/sam/.npm/weather/0.0.0/package.tgz [ 501, 20 ]
54 silly lockFile 3a52ce78- .
55 silly publish { name: 'weather',
55 silly publish   version: '0.0.0',
55 silly publish   description: 'get the weather',
55 silly publish   main: 'index.js',
55 silly publish   directories: { test: 'test' },
55 silly publish   scripts: { test: '' },
55 silly publish   repository: '',
55 silly publish   keywords: [ 'weather' ],
55 silly publish   author: { name: 'Sam Saccone' },
55 silly publish   license: 'BSD',
55 silly publish   readme: '<h1> weather </h1>\n',
55 silly publish   readmeFilename: 'README.md',
55 silly publish   _id: 'weather@0.0.0',
55 silly publish   dist: { shasum: '58e4fefe3770ad27ac78a2e58c40c4d67729dd08' } }
56 verbose url raw weather
57 verbose url resolving [ 'https://registry.npmjs.org/', './weather' ]
58 verbose url resolved https://registry.npmjs.org/weather
59 info trying registry request attempt 1 at 22:26:42
60 http PUT https://registry.npmjs.org/weather
61 http 409 https://registry.npmjs.org/weather
62 verbose url raw weather
63 verbose url resolving [ 'https://registry.npmjs.org/', './weather' ]
64 verbose url resolved https://registry.npmjs.org/weather
65 info trying registry request attempt 1 at 22:26:47
66 http GET https://registry.npmjs.org/weather
67 http 200 https://registry.npmjs.org/weather
68 verbose url raw weather/0.0.0/-tag/latest
69 verbose url resolving [ 'https://registry.npmjs.org/', './weather/0.0.0/-tag/latest' ]
70 verbose url resolved https://registry.npmjs.org/weather/0.0.0/-tag/latest
71 info trying registry request attempt 1 at 22:26:55
72 http PUT https://registry.npmjs.org/weather/0.0.0/-tag/latest
73 http 403 https://registry.npmjs.org/weather/0.0.0/-tag/latest
74 error publish Error sending version data
75 error Error: forbidden user: samccone not authorized to modify weather
75 error Changed: description "Yahoo weather API wrapper for node" -> "get the weather"
75 error Changed: dist-tags.latest "0.0.4" -> "0.0.0"
75 error Added: versions.0.0.0
75 error Changed: time.modified "2012-04-11T12:12:21.875Z" -> "2012-11-16T03:26:34.884Z"
75 error Added: time.0.0.0
75 error Changed: author.name "Chris Campbell" -> "Sam Saccone"
75 error Deleted: author.email
75 error Changed Type: author.email
75 error Changed: author.email "chris@harto.org" -> undefined: weather/0.0.0/-tag/latest
75 error     at RegClient.<anonymous> (/usr/local/lib/node_modules/npm/node_modules/npm-registry-client/lib/request.js:259:14)
75 error     at Request.init.self.callback (/usr/local/lib/node_modules/npm/node_modules/request/main.js:120:22)
75 error     at Request.EventEmitter.emit (events.js:99:17)
75 error     at Request.<anonymous> (/usr/local/lib/node_modules/npm/node_modules/request/main.js:648:16)
75 error     at Request.EventEmitter.emit (events.js:126:20)
75 error     at IncomingMessage.Request.start.self.req.self.httpModule.request.buffer (/usr/local/lib/node_modules/npm/node_modules/request/main.js:610:14)
75 error     at IncomingMessage.EventEmitter.emit (events.js:126:20)
75 error     at IncomingMessage._emitEnd (http.js:366:10)
75 error     at HTTPParser.parserOnMessageComplete [as onMessageComplete] (http.js:149:23)
75 error     at CleartextStream.socketOnData [as ondata] (http.js:1367:20)
76 error If you need help, you may report this log at:
76 error     <http://github.com/isaacs/npm/issues>
76 error or email it to:
76 error     <npm-@googlegroups.com>
77 error System Darwin 12.1.1
78 error command "node" "/usr/local/bin/npm" "publish"
79 error cwd /Users/sam/Desktop/repos/weather
80 error node -v v0.8.14
81 error npm -v 1.1.65
82 verbose exit [ 1, true ]
